<?xml version="1.0" encoding="UTF-8"?>
<!-- Generated by org.testng.reporters.JUnitReportReporter -->
<testsuite hostname="LAPTOP-3VDA5P49" failures="0" tests="1" name="testNG.TestNGNewTest2" time="7.345" errors="0" timestamp="2022-10-21T20:49:55 GMT-04:00" skipped="0">
  <testcase classname="testNG.TestNGNewTest2" name="textbox" time="7.345"/>
  <system-out/>
</testsuite> <!-- testNG.TestNGNewTest2 -->
