<?xml version="1.0" encoding="UTF-8"?>
<!-- Generated by org.testng.reporters.JUnitReportReporter -->
<testsuite hostname="LAPTOP-3VDA5P49" failures="0" tests="3" name="testNG.Testnglearing" time="0.031" errors="0" timestamp="2022-10-21T08:18:48 GMT-04:00" skipped="0">
  <testcase classname="testNG.Testnglearing" name="test" time="0.022"/>
  <system-out/>
  <testcase classname="testNG.Testnglearing" name="test3" time="0.003"/>
  <system-out/>
  <testcase classname="testNG.Testnglearing" name="test2" time="0.006"/>
  <system-out/>
</testsuite> <!-- testNG.Testnglearing -->
