<?xml version="1.0" encoding="UTF-8"?>
<!-- Generated by org.testng.reporters.JUnitReportReporter -->
<testsuite hostname="LAPTOP-3VDA5P49" failures="0" tests="1" name="testNG.buttontest" time="4.333" errors="0" timestamp="2022-10-21T21:12:38 GMT-04:00" skipped="0">
  <testcase classname="testNG.buttontest" name="button" time="4.333"/>
  <system-out/>
</testsuite> <!-- testNG.buttontest -->
